TN:
SF:/Users/agoedert/portal-p3-frontend/src/clients/WordpressClient.js
FN:5,(anonymous_0)
FN:9,(anonymous_1)
FNF:2
FNH:2
FNDA:2,(anonymous_0)
FNDA:2,(anonymous_1)
DA:6,2
DA:10,2
LF:2
LH:2
BRF:0
BRH:0
end_of_record
TN:
SF:/Users/agoedert/portal-p3-frontend/src/components/App/index.js
FN:9,(anonymous_0)
FNF:1
FNH:1
FNDA:3,(anonymous_0)
DA:9,1
DA:10,3
LF:2
LH:2
BRF:0
BRH:0
end_of_record
TN:
SF:/Users/agoedert/portal-p3-frontend/src/components/Article/ArticleContainer.js
FN:12,(anonymous_0)
FN:21,(anonymous_1)
FN:22,(anonymous_2)
FN:27,(anonymous_3)
FN:30,(anonymous_4)
FNF:5
FNH:5
FNDA:3,(anonymous_0)
FNDA:4,(anonymous_1)
FNDA:2,(anonymous_2)
FNDA:6,(anonymous_3)
FNDA:6,(anonymous_4)
DA:13,3
DA:14,3
DA:18,3
DA:22,4
DA:23,2
DA:28,6
DA:31,6
DA:38,2
DA:42,2
LF:9
LH:9
BRF:0
BRH:0
end_of_record
TN:
SF:/Users/agoedert/portal-p3-frontend/src/components/Article/ArticleExcerpt.js
FN:7,(anonymous_0)
FNF:1
FNH:1
FNDA:3,(anonymous_0)
DA:7,3
DA:8,3
DA:14,3
LF:3
LH:3
BRF:0
BRH:0
end_of_record
TN:
SF:/Users/agoedert/portal-p3-frontend/src/components/Category/Category.js
FN:7,(anonymous_0)
FNF:1
FNH:1
FNDA:3,(anonymous_0)
DA:7,4
DA:8,3
DA:14,4
LF:3
LH:3
BRF:0
BRH:0
end_of_record
TN:
SF:/Users/agoedert/portal-p3-frontend/src/components/Category/CategoryContainer.js
FN:12,(anonymous_0)
FN:21,(anonymous_1)
FN:22,(anonymous_2)
FN:27,(anonymous_3)
FN:30,(anonymous_4)
FNF:5
FNH:5
FNDA:3,(anonymous_0)
FNDA:4,(anonymous_1)
FNDA:2,(anonymous_2)
FNDA:6,(anonymous_3)
FNDA:6,(anonymous_4)
DA:13,3
DA:14,3
DA:18,3
DA:22,4
DA:23,2
DA:28,6
DA:31,6
DA:38,3
DA:42,3
LF:9
LH:9
BRF:0
BRH:0
end_of_record
TN:
SF:/Users/agoedert/portal-p3-frontend/src/components/Footer/index.js
FN:5,(anonymous_0)
FNF:1
FNH:1
FNDA:2,(anonymous_0)
DA:5,2
DA:6,2
LF:2
LH:2
BRF:0
BRH:0
end_of_record
TN:
SF:/Users/agoedert/portal-p3-frontend/src/components/Header/index.js
FN:5,(anonymous_0)
FNF:1
FNH:1
FNDA:5,(anonymous_0)
DA:5,2
DA:6,5
LF:2
LH:2
BRF:0
BRH:0
end_of_record
TN:
SF:/Users/agoedert/portal-p3-frontend/src/components/Home/Home.js
FN:7,(anonymous_0)
FNF:1
FNH:1
FNDA:3,(anonymous_0)
DA:7,2
DA:8,3
LF:2
LH:2
BRF:0
BRH:0
end_of_record
TN:
SF:/Users/agoedert/portal-p3-frontend/src/components/Main/index.js
FN:12,(anonymous_0)
FN:16,(anonymous_1)
FN:17,(anonymous_2)
FN:18,(anonymous_3)
FNF:4
FNH:0
FNDA:0,(anonymous_0)
FNDA:0,(anonymous_1)
FNDA:0,(anonymous_2)
FNDA:0,(anonymous_3)
DA:12,1
DA:13,0
DA:16,0
DA:17,0
DA:18,0
DA:24,1
DA:28,1
LF:7
LH:3
BRF:0
BRH:0
end_of_record
TN:
SF:/Users/agoedert/portal-p3-frontend/test/setup.js
FNF:0
FNH:0
DA:4,8
DA:6,8
DA:7,8
DA:9,8
DA:12,8
DA:13,8
LF:6
LH:6
BRF:0
BRH:0
end_of_record
